basketball
biker
bird1
bird2
blurbody
blurcar1
blurcar2
blurcar3
blurcar4
blurface
blurowl
board
bolt
bolt2
box
boy
car1
car2
car24
car4
cardark
carscale
clifbar
coke
couple
coupon
crossing
crowds
dancer
dancer2
david
david2
david3
deer
diving
dog
dog1
doll
dragonbaby
dudek
faceocc1
faceocc2
fish
fleetface
football
football1
freeman1
freeman3
freeman4
girl
girl2
gym
human2
human3
human4
human5
human6
human7
human8
human9
ironman
jogging
jump
jumping
kitesurf
lemming
liquor
man
matrix
mhyang
motorrolling
mountainbike
panda
redteam
rubik
shaking
singer1
singer2
skater
skater2
skating1
skating2
skiing
soccer
subway
surfer
suv
sylvester
tiger1
tiger2
toy
trans
trellis
twinnings
vase
walking
walking2
woman
